[Licensing::Module] Successfully connected to LicensingClient on channel: "LicenseClient-dredi"
Entitlement-based licensing initiated
[LicensingClient] Licenses updated successfully

LICENSE SYSTEM [202038 13:20:30] Next license update check is after 2020-03-03T20:05:16


LICENSE SYSTEM [202038 13:20:30] 00330-80000-00000-AA990 != 00330-80000-00000-AA222

Built from 'trunk' branch; Version is '2020.1.0a24 (1f86fad89a55) revision 2066170'; Using compiler version '192227905'; Build Type 'Release'
OS: 'Windows 10  (10.0.0) 64bit' Language: 'pl' Physical Memory: 8154 MB
[Licensing::Module] Serial number assigned to: "F4-95W8-QZKX-MUWQ-FU7G-XXXX"
BatchMode: 1, IsHumanControllingUs: 0, StartBugReporterOnCrash: 0, Is64bit: 1, IsPro: 0

 COMMAND LINE ARGUMENTS:
C:\Program Files\Unity\Hub\Editor\2020.1.0a24\Editor\Unity.exe
-adb2
-batchMode
-noUpm
-name
AssetImportWorker1
-projectPath
C:/Users/dredi/Documents/unity/dots2020/Dots2020
-logFile
Logs/AssetImportWorker1.log
-srvPort
52424
Successfully changed project path to: C:/Users/dredi/Documents/unity/dots2020/Dots2020
C:/Users/dredi/Documents/unity/dots2020/Dots2020
Using Asset Import Pipeline V2.
Refreshing native plugins compatible for Editor in 42.02 ms, found 0 plugins.
Preloading 0 native plugins for Editor in 0.00 ms.
Initialize engine version: 2020.1.0a24 (1f86fad89a55)
[Subsystems] Discovering subsystems at path C:/Program Files/Unity/Hub/Editor/2020.1.0a24/Editor/Data/Resources/UnitySubsystems
[Subsystems] Discovering subsystems at path C:/Users/dredi/Documents/unity/dots2020/Dots2020/Assets
GfxDevice: creating device client; threaded=0
Direct3D:
    Version:  Direct3D 11.0 [level 11.0]
    Renderer: NVIDIA GeForce GTX 770 (ID=0x1184)
    Vendor:   
    VRAM:     4052 MB
    Driver:   26.21.14.4108
Initialize mono
Mono path[0] = 'C:/Program Files/Unity/Hub/Editor/2020.1.0a24/Editor/Data/Managed'
Mono path[1] = 'C:/Program Files/Unity/Hub/Editor/2020.1.0a24/Editor/Data/MonoBleedingEdge/lib/mono/unityjit'
Mono config path = 'C:/Program Files/Unity/Hub/Editor/2020.1.0a24/Editor/Data/MonoBleedingEdge/etc'
Using monoOptions --debugger-agent=transport=dt_socket,embedding=1,server=y,suspend=n,address=127.0.0.1:56720
Begin MonoManager ReloadAssembly
Registering precompiled unity dll's ...
Register platform support module: C:/Program Files/Unity/Hub/Editor/2020.1.0a24/Editor/Data/PlaybackEngines/WindowsStandaloneSupport/UnityEditor.WindowsStandalone.Extensions.dll
Registered in 0.003922 seconds.
Native extension for WindowsStandalone target not found
Refreshing native plugins compatible for Editor in 34.61 ms, found 0 plugins.
Preloading 0 native plugins for Editor in 0.00 ms.
Mono: successfully reloaded assembly
- Completed reload, in 12.294 seconds
Registering precompiled user dll's ...
Registered in 0.315783 seconds.
Platform modules already initialized, skipping
Begin MonoManager ReloadAssembly
Symbol file LoadedFromMemory doesn't match image C:\Users\dredi\Documents\unity\dots2020\Dots2020\Library\PackageCache\com.unity.ext.nunit@1.0.0\net35\unity-custom\nunit.framework.dll
Native extension for WindowsStandalone target not found
Refreshing native plugins compatible for Editor in 63.53 ms, found 0 plugins.
Preloading 0 native plugins for Editor in 0.00 ms.
Mono: successfully reloaded assembly
- Completed reload, in  2.241 seconds
Platform modules already initialized, skipping
========================================================================
Worker process is ready to serve import requests
Refreshing native plugins compatible for Editor in 0.32 ms, found 0 plugins.
Preloading 0 native plugins for Editor in 0.00 ms.
Unloading 2566 Unused Serialized files (Serialized files now loaded: 0)
System memory in use before: 115.8 MB.
System memory in use after: 115.8 MB.

Unloading 21 unused Assets to reduce memory usage. Loaded Objects now: 2963.
Total: 3.100800 ms (FindLiveObjects: 0.403200 ms CreateObjectMapping: 0.106100 ms MarkObjects: 2.503300 ms  DeleteObjects: 0.085200 ms)

========================================================================
Received Import Request.
  path: Assets/SceneDependencyCache/59f91324aed0ca2d8b9f5a3657676f5f.sceneWithBuildConfiguration
  artifactKey: Guid(59f91324aed0ca2d8b9f5a3657676f5f) Importer(2089858483,52bed625d08a7023a15481c3fbd73797)
Start importing Assets/SceneDependencyCache/59f91324aed0ca2d8b9f5a3657676f5f.sceneWithBuildConfiguration using Guid(59f91324aed0ca2d8b9f5a3657676f5f) Importer(2089858483,52bed625d08a7023a15481c3fbd73797) Opening scene 'Assets/Scenes/SubScenes/ConvertToEntities.unity additively'
Loaded scene 'Assets/Scenes/SubScenes/ConvertToEntities.unity'
	Deserialize:            22.049 ms
	Integration:            28.233 ms
	Integration of assets:  0.007 ms
	Thread Wait Time:       17.097 ms
	Total Operation Time:   67.385 ms
InvalidOperationException: Stack empty.
  at System.Collections.Generic.Stack`1[T].Peek () [0x00008] in <4f004251610247e68900eb710906a95e>:0 
  at UnityEditor.AssetPostprocessingInternal.CleanupPostprocessors () [0x00060] in <ae11075fb7224233bbedf2dc2ef9224c>:0 
 
(Filename: <4f004251610247e68900eb710906a95e> Line: 0)

 -> (target hash: '1393b19f5ff2384d400d82cd5262c6c7') in 2.742786 seconds
  Import took 2.774546 seconds .

